TN:
SF:/home/lindo/Second Year(r)/COS 214/PRACS/214-Prac-3-Commited-to-Main3/Bar.cpp
FN:5,_ZN3Bar10serveDrinkEv
FN:30,_ZN3Bar6updateERK6Notice
FN:69,_ZN3BarC2ENSt7__cxx1112basic_stringIcSt11char_traitsIcESaIcEEEi
FN:72,_ZN3Bar13startLastCallEv
FN:85,_ZN3Bar13restockDrinksEi
FN:97,_ZN3BarD2Ev
FN:97,_ZN3BarD0Ev
FNDA:2,_ZN3BarD2Ev
FNDA:2,_ZN3BarD0Ev
FNDA:4,_ZN3Bar10serveDrinkEv
FNDA:2,_ZN3Bar13restockDrinksEi
FNDA:2,_ZN3BarC2ENSt7__cxx1112basic_stringIcSt11char_traitsIcESaIcEEEi
FNDA:10,_ZN3Bar6updateERK6Notice
FNDA:2,_ZN3Bar13startLastCallEv
FNF:7
FNH:7
DA:5,4
DA:7,4
DA:8,0
DA:9,0
DA:13,4
DA:14,0
DA:15,0
DA:18,4
DA:19,3
DA:20,3
DA:21,3
DA:22,3
DA:23,3
DA:26,1
DA:27,1
DA:30,10
DA:32,10
DA:33,0
DA:34,0
DA:35,0
DA:36,0
DA:39,10
DA:40,1
DA:41,1
DA:42,1
DA:45,10
DA:46,2
DA:47,2
DA:48,2
DA:51,10
DA:52,2
DA:53,2
DA:54,2
DA:57,10
DA:58,1
DA:59,1
DA:60,1
DA:63,10
DA:64,2
DA:66,10
DA:69,2
DA:70,2
DA:72,2
DA:74,2
DA:75,2
DA:78,2
DA:81,0
DA:83,2
DA:85,2
DA:87,2
DA:88,1
DA:90,1
DA:93,1
DA:95,2
DA:97,4
LF:55
LH:46
end_of_record
TN:
SF:/home/lindo/Second Year(r)/COS 214/PRACS/214-Prac-3-Commited-to-Main3/EntranceGate.cpp
FN:6,_ZNK12EntranceGate7checkIDEi
FN:14,_ZN12EntranceGate13admitAttendeeEi
FN:31,_ZN12EntranceGate6updateERK6Notice
FN:61,_ZN12EntranceGateC2ENSt7__cxx1112basic_stringIcSt11char_traitsIcESaIcEEEi
FN:64,_ZN12EntranceGateD2Ev
FN:64,_ZN12EntranceGateD0Ev
FNDA:1,_ZN12EntranceGateD0Ev
FNDA:2,_ZN12EntranceGate13admitAttendeeEi
FNDA:1,_ZN12EntranceGateC2ENSt7__cxx1112basic_stringIcSt11char_traitsIcESaIcEEEi
FNDA:2,_ZNK12EntranceGate7checkIDEi
FNDA:9,_ZN12EntranceGate6updateERK6Notice
FNDA:1,_ZN12EntranceGateD2Ev
FNF:6
FNH:6
DA:6,2
DA:7,2
DA:8,1
DA:10,1
DA:14,2
DA:16,2
DA:17,0
DA:18,0
DA:21,2
DA:22,1
DA:23,1
DA:26,1
DA:27,1
DA:31,9
DA:33,9
DA:34,0
DA:35,0
DA:36,0
DA:39,9
DA:40,0
DA:41,0
DA:42,0
DA:45,9
DA:46,2
DA:47,2
DA:50,9
DA:51,2
DA:52,2
DA:55,9
DA:56,1
DA:57,1
DA:59,9
DA:61,1
DA:62,1
DA:64,2
LF:35
LH:27
end_of_record
TN:
SF:/home/lindo/Second Year(r)/COS 214/PRACS/214-Prac-3-Commited-to-Main3/EventComponent.cpp
FN:3,_ZN14EventComponentD2Ev
FN:3,_ZN14EventComponentD0Ev
FN:7,_ZNK14EventComponent7getNameB5cxx11Ev
FN:11,_ZN14EventComponentC2ENSt7__cxx1112basic_stringIcSt11char_traitsIcESaIcEEE
FNDA:20,_ZN14EventComponentC2ENSt7__cxx1112basic_stringIcSt11char_traitsIcESaIcEEE
FNDA:0,_ZN14EventComponentD0Ev
FNDA:67,_ZNK14EventComponent7getNameB5cxx11Ev
FNDA:20,_ZN14EventComponentD2Ev
FNF:4
FNH:3
DA:3,20
DA:5,20
DA:7,67
DA:8,67
DA:11,20
DA:12,20
LF:6
LH:6
end_of_record
TN:
SF:/home/lindo/Second Year(r)/COS 214/PRACS/214-Prac-3-Commited-to-Main3/EventControl.cpp
FN:4,_ZN12EventControl11issueNoticeERK6Notice
FN:8,_ZN12EventControl6notifyERK6Notice
FN:16,_ZN12EventControlC2ENSt7__cxx1112basic_stringIcSt11char_traitsIcESaIcEEE
FN:18,_ZN12EventControlD0Ev
FN:18,_ZN12EventControlD2Ev
FNDA:9,_ZN12EventControl11issueNoticeERK6Notice
FNDA:1,_ZN12EventControlD2Ev
FNDA:1,_ZN12EventControlD0Ev
FNDA:1,_ZN12EventControlC2ENSt7__cxx1112basic_stringIcSt11char_traitsIcESaIcEEE
FNDA:9,_ZN12EventControl6notifyERK6Notice
FNF:5
FNH:5
DA:4,9
DA:5,9
DA:6,9
DA:8,9
DA:9,19
DA:10,10
DA:11,10
DA:14,9
DA:16,1
DA:18,2
LF:10
LH:10
end_of_record
TN:
SF:/home/lindo/Second Year(r)/COS 214/PRACS/214-Prac-3-Commited-to-Main3/EventGroup.cpp
FN:4,_ZN10EventGroup3addEP14EventComponent
FN:25,_ZN10EventGroup6removeEP14EventComponent
FN:47,_ZN10EventGroup4openEv
FN:57,_ZN10EventGroup5closeEv
FN:67,_ZNK10EventGroup12reportStatusEv
FN:79,_ZNK10EventGroup11getCapacityEv
FN:89,_ZN10EventGroup6updateERK6Notice
FN:96,_ZN10EventGroup6notifyERK6Notice
FN:104,_ZN10EventGroupD2Ev
FN:104,_ZN10EventGroupD0Ev
FN:115,_ZN10EventGroupC2ENSt7__cxx1112basic_stringIcSt11char_traitsIcESaIcEEE
FNDA:5,_ZNK10EventGroup12reportStatusEv
FNDA:5,_ZN10EventGroupD2Ev
FNDA:21,_ZNK10EventGroup11getCapacityEv
FNDA:37,_ZN10EventGroup6updateERK6Notice
FNDA:4,_ZN10EventGroup5closeEv
FNDA:4,_ZN10EventGroup4openEv
FNDA:5,_ZN10EventGroupD0Ev
FNDA:13,_ZN10EventGroup3addEP14EventComponent
FNDA:1,_ZN10EventGroup6removeEP14EventComponent
FNDA:5,_ZN10EventGroupC2ENSt7__cxx1112basic_stringIcSt11char_traitsIcESaIcEEE
FNDA:37,_ZN10EventGroup6notifyERK6Notice
FNF:11
FNH:11
DA:4,13
DA:5,13
DA:7,13
DA:8,29
DA:9,16
DA:10,0
DA:12,16
DA:16,13
DA:18,13
DA:19,13
DA:20,13
DA:25,1
DA:26,1
DA:28,1
DA:29,4
DA:30,4
DA:31,1
DA:32,1
DA:35,1
DA:36,1
DA:37,1
DA:39,1
DA:41,3
DA:44,0
DA:47,4
DA:48,4
DA:49,4
DA:50,15
DA:51,11
DA:52,11
DA:55,4
DA:57,4
DA:58,4
DA:59,4
DA:60,15
DA:61,11
DA:62,11
DA:65,4
DA:67,5
DA:68,5
DA:69,5
DA:70,5
DA:72,19
DA:73,14
DA:74,14
DA:77,5
DA:79,21
DA:80,21
DA:81,21
DA:82,81
DA:83,60
DA:84,60
DA:86,21
DA:89,37
DA:90,37
DA:91,37
DA:93,37
DA:94,37
DA:96,37
DA:97,136
DA:98,99
DA:99,99
DA:102,37
DA:104,10
DA:105,17
DA:106,12
DA:107,12
DA:108,12
DA:111,5
DA:112,5
DA:113,10
DA:115,5
LF:72
LH:70
end_of_record
TN:
SF:/home/lindo/Second Year(r)/COS 214/PRACS/214-Prac-3-Commited-to-Main3/EventUnit.cpp
FN:4,_ZN9EventUnit4openEv
FN:9,_ZN9EventUnit5closeEv
FN:14,_ZNK9EventUnit12reportStatusEv
FN:21,_ZNK9EventUnit11getCapacityEv
FN:25,_ZN9EventUnitD0Ev
FN:25,_ZN9EventUnitD2Ev
FN:29,_ZN9EventUnitC2ENSt7__cxx1112basic_stringIcSt11char_traitsIcESaIcEEEi
FNDA:15,_ZN9EventUnitC2ENSt7__cxx1112basic_stringIcSt11char_traitsIcESaIcEEEi
FNDA:16,_ZNK9EventUnit12reportStatusEv
FNDA:64,_ZNK9EventUnit11getCapacityEv
FNDA:0,_ZN9EventUnitD0Ev
FNDA:13,_ZN9EventUnit5closeEv
FNDA:15,_ZN9EventUnitD2Ev
FNDA:12,_ZN9EventUnit4openEv
FNF:7
FNH:6
DA:4,12
DA:5,12
DA:6,12
DA:7,12
DA:9,13
DA:10,13
DA:11,13
DA:12,13
DA:14,16
DA:15,16
DA:16,16
DA:17,16
DA:18,16
DA:19,16
DA:21,64
DA:22,64
DA:25,15
DA:27,15
DA:29,15
DA:30,15
LF:20
LH:20
end_of_record
TN:
SF:/home/lindo/Second Year(r)/COS 214/PRACS/214-Prac-3-Commited-to-Main3/FoodVendor.cpp
FN:5,_ZN10FoodVendor9serveFoodEv
FN:30,_ZN10FoodVendor7restockEi
FN:43,_ZN10FoodVendor6updateERK6Notice
FN:84,_ZN10FoodVendorC2ENSt7__cxx1112basic_stringIcSt11char_traitsIcESaIcEEEi
FN:86,_ZN10FoodVendorD0Ev
FN:86,_ZN10FoodVendorD2Ev
FNDA:3,_ZN10FoodVendorD2Ev
FNDA:22,_ZN10FoodVendor6updateERK6Notice
FNDA:3,_ZN10FoodVendorD0Ev
FNDA:3,_ZN10FoodVendorC2ENSt7__cxx1112basic_stringIcSt11char_traitsIcESaIcEEEi
FNDA:0,_ZN10FoodVendor7restockEi
FNDA:0,_ZN10FoodVendor9serveFoodEv
FNF:6
FNH:4
DA:5,0
DA:7,0
DA:8,0
DA:9,0
DA:13,0
DA:14,0
DA:15,0
DA:18,0
DA:19,0
DA:20,0
DA:21,0
DA:22,0
DA:23,0
DA:26,0
DA:27,0
DA:30,0
DA:32,0
DA:34,0
DA:36,0
DA:39,0
DA:41,0
DA:43,22
DA:45,22
DA:47,0
DA:48,0
DA:50,0
DA:53,22
DA:55,1
DA:56,1
DA:58,1
DA:61,22
DA:63,5
DA:65,5
DA:68,22
DA:70,5
DA:72,5
DA:75,22
DA:77,3
DA:79,3
DA:81,22
DA:84,3
DA:85,3
DA:86,6
LF:43
LH:19
end_of_record
TN:
SF:/home/lindo/Second Year(r)/COS 214/PRACS/214-Prac-3-Commited-to-Main3/MedicalTeam.cpp
FN:5,_ZN11MedicalTeam12treatPatientEi
FN:47,_ZN11MedicalTeam16dischargePatientEv
FN:59,_ZN11MedicalTeam6updateERK6Notice
FN:99,_ZN11MedicalTeamC2ENSt7__cxx1112basic_stringIcSt11char_traitsIcESaIcEEEii
FN:101,_ZN11MedicalTeamD2Ev
FN:101,_ZN11MedicalTeamD0Ev
FNDA:4,_ZN11MedicalTeam16dischargePatientEv
FNDA:2,_ZN11MedicalTeamD2Ev
FNDA:2,_ZN11MedicalTeam12treatPatientEi
FNDA:2,_ZN11MedicalTeamC2ENSt7__cxx1112basic_stringIcSt11char_traitsIcESaIcEEEii
FNDA:2,_ZN11MedicalTeamD0Ev
FNDA:10,_ZN11MedicalTeam6updateERK6Notice
FNF:6
FNH:6
DA:5,2
DA:7,2
DA:8,0
DA:9,0
DA:12,2
DA:13,0
DA:14,0
DA:17,2
DA:18,0
DA:19,0
DA:22,2
DA:23,0
DA:24,0
DA:27,2
DA:29,2
DA:31,0
DA:33,0
DA:34,2
DA:35,0
DA:37,0
DA:39,2
DA:41,2
DA:44,2
DA:47,4
DA:49,4
DA:50,2
DA:52,2
DA:55,2
DA:57,4
DA:59,10
DA:61,10
DA:62,0
DA:64,0
DA:67,10
DA:68,0
DA:70,0
DA:73,10
DA:74,2
DA:76,2
DA:79,10
DA:80,2
DA:82,2
DA:85,10
DA:86,1
DA:88,1
DA:91,10
DA:92,2
DA:94,2
DA:96,10
DA:99,2
DA:100,2
DA:101,4
LF:52
LH:36
end_of_record
TN:
SF:/home/lindo/Second Year(r)/COS 214/PRACS/214-Prac-3-Commited-to-Main3/Notice.cpp
FN:3,_ZNK6Notice7getTypeEv
FN:7,_ZNK6Notice10getMessageB5cxx11Ev
FN:11,_ZNK6Notice9getTargetB5cxx11Ev
FN:15,_ZNK6Notice8getValueEv
FN:19,_ZN6NoticeC2E10NoticeTypeNSt7__cxx1112basic_stringIcSt11char_traitsIcESaIcEEES6_i
FN:23,_ZN6NoticeD2Ev
FNDA:400,_ZNK6Notice7getTypeEv
FNDA:18,_ZN6NoticeC2E10NoticeTypeNSt7__cxx1112basic_stringIcSt11char_traitsIcESaIcEEES6_i
FNDA:1,_ZNK6Notice9getTargetB5cxx11Ev
FNDA:18,_ZN6NoticeD2Ev
FNDA:11,_ZNK6Notice10getMessageB5cxx11Ev
FNDA:0,_ZNK6Notice8getValueEv
FNF:6
FNH:5
DA:3,400
DA:4,400
DA:7,11
DA:8,11
DA:11,1
DA:12,1
DA:15,0
DA:16,0
DA:19,18
DA:20,18
DA:23,18
DA:25,18
LF:12
LH:10
end_of_record
TN:
SF:/home/lindo/Second Year(r)/COS 214/PRACS/214-Prac-3-Commited-to-Main3/Observer.cpp
FN:3,_ZN8ObserverD2Ev
FN:3,_ZN8ObserverD0Ev
FNDA:0,_ZN8ObserverD0Ev
FNDA:20,_ZN8ObserverD2Ev
FNF:2
FNH:1
DA:3,20
DA:5,20
LF:2
LH:2
end_of_record
TN:
SF:/home/lindo/Second Year(r)/COS 214/PRACS/214-Prac-3-Commited-to-Main3/SecurityTeam.cpp
FN:7,_ZN12SecurityTeamC2ENSt7__cxx1112basic_stringIcSt11char_traitsIcESaIcEEE
FN:10,_ZN12SecurityTeam6deployEv
FN:21,_ZN12SecurityTeam12removePersonENSt7__cxx1112basic_stringIcSt11char_traitsIcESaIcEEEP9StageGate
FN:48,_ZN12SecurityTeam6updateERK6Notice
FN:86,_ZN12SecurityTeamD2Ev
FN:86,_ZN12SecurityTeamD0Ev
FNDA:9,_ZN12SecurityTeam6updateERK6Notice
FNDA:3,_ZN12SecurityTeam12removePersonENSt7__cxx1112basic_stringIcSt11char_traitsIcESaIcEEEP9StageGate
FNDA:2,_ZN12SecurityTeamD0Ev
FNDA:7,_ZN12SecurityTeam6deployEv
FNDA:2,_ZN12SecurityTeamC2ENSt7__cxx1112basic_stringIcSt11char_traitsIcESaIcEEE
FNDA:2,_ZN12SecurityTeamD2Ev
FNF:6
FNH:6
DA:7,2
DA:8,2
DA:10,7
DA:12,7
DA:13,3
DA:15,3
DA:17,4
DA:19,7
DA:21,3
DA:23,3
DA:24,1
DA:26,1
DA:29,2
DA:30,0
DA:31,0
DA:35,2
DA:36,2
DA:38,2
DA:40,2
DA:43,0
DA:44,0
DA:48,9
DA:50,9
DA:51,1
DA:53,1
DA:56,9
DA:57,1
DA:59,1
DA:62,9
DA:63,1
DA:65,1
DA:68,9
DA:69,2
DA:71,2
DA:74,9
DA:75,2
DA:77,2
DA:80,9
DA:81,0
DA:83,0
DA:85,9
DA:86,4
LF:42
LH:36
end_of_record
TN:
SF:/home/lindo/Second Year(r)/COS 214/PRACS/214-Prac-3-Commited-to-Main3/Stage.cpp
FN:5,_ZN5StageC2ENSt7__cxx1112basic_stringIcSt11char_traitsIcESaIcEEEibS5_b
FN:8,_ZN5Stage16pausePerformanceEv
FN:13,_ZN5Stage17resumePerformanceEv
FN:18,_ZN5Stage6updateERK6Notice
FN:59,_ZN5StageD2Ev
FN:59,_ZN5StageD0Ev
FNDA:10,_ZN5Stage6updateERK6Notice
FNDA:3,_ZN5StageD0Ev
FNDA:4,_ZN5Stage16pausePerformanceEv
FNDA:3,_ZN5Stage17resumePerformanceEv
FNDA:3,_ZN5StageC2ENSt7__cxx1112basic_stringIcSt11char_traitsIcESaIcEEEibS5_b
FNDA:3,_ZN5StageD2Ev
FNF:6
FNH:6
DA:5,3
DA:6,3
DA:8,4
DA:9,4
DA:10,4
DA:11,4
DA:13,3
DA:14,3
DA:15,3
DA:16,3
DA:18,10
DA:19,20
DA:20,10
DA:22,10
DA:24,10
DA:25,0
DA:26,0
DA:27,0
DA:28,0
DA:29,0
DA:30,0
DA:31,2
DA:32,2
DA:33,2
DA:34,3
DA:35,3
DA:36,3
DA:37,1
DA:38,1
DA:39,1
DA:40,1
DA:41,1
DA:42,1
DA:43,1
DA:44,1
DA:45,1
DA:47,1
DA:48,1
DA:49,1
DA:50,1
DA:51,1
DA:52,1
DA:53,1
DA:54,1
DA:55,1
DA:57,10
DA:59,6
LF:47
LH:41
end_of_record
TN:
SF:/home/lindo/Second Year(r)/COS 214/PRACS/214-Prac-3-Commited-to-Main3/StageGate.cpp
FN:7,_ZNK9StageGate8canAdmitEv
FN:27,_ZN9StageGate13admitAttendeeEv
FN:45,_ZN9StageGate14attendeeLeavesEv
FN:63,_ZNK9StageGate12getOccupancyEv
FN:68,_ZN9StageGate6updateERK6Notice
FN:115,_ZN9StageGateC2ENSt7__cxx1112basic_stringIcSt11char_traitsIcESaIcEEEP5Stage
FN:118,_ZN9StageGateD2Ev
FN:118,_ZN9StageGateD0Ev
FNDA:2,_ZN9StageGateD2Ev
FNDA:2,_ZN9StageGate14attendeeLeavesEv
FNDA:2,_ZN9StageGateC2ENSt7__cxx1112basic_stringIcSt11char_traitsIcESaIcEEEP5Stage
FNDA:17,_ZN9StageGate13admitAttendeeEv
FNDA:10,_ZN9StageGate6updateERK6Notice
FNDA:2,_ZN9StageGateD0Ev
FNDA:0,_ZNK9StageGate12getOccupancyEv
FNDA:17,_ZNK9StageGate8canAdmitEv
FNF:8
FNH:7
DA:7,17
DA:9,17
DA:10,0
DA:13,17
DA:14,0
DA:18,17
DA:19,11
DA:22,6
DA:27,17
DA:29,17
DA:31,11
DA:33,11
DA:35,11
DA:38,6
DA:40,6
DA:45,2
DA:47,2
DA:49,2
DA:51,2
DA:53,2
DA:57,0
DA:58,0
DA:63,0
DA:64,0
DA:68,10
DA:70,10
DA:72,0
DA:73,0
DA:75,0
DA:78,10
DA:79,0
DA:80,0
DA:82,0
DA:85,10
DA:87,1
DA:89,1
DA:92,10
DA:94,2
DA:96,2
DA:99,10
DA:101,2
DA:103,2
DA:106,10
DA:108,2
DA:110,2
DA:112,10
DA:115,2
DA:116,2
DA:118,4
LF:49
LH:37
end_of_record
TN:
SF:/home/lindo/Second Year(r)/COS 214/PRACS/214-Prac-3-Commited-to-Main3/Subject.cpp
FN:3,_ZN7Subject6attachEP8Observer
FN:25,_ZN7Subject6detachEP8Observer
FN:41,_ZN7SubjectD0Ev
FN:41,_ZN7SubjectD2Ev
FNDA:0,_ZN7SubjectD0Ev
FNDA:28,_ZN7Subject6attachEP8Observer
FNDA:6,_ZN7SubjectD2Ev
FNDA:4,_ZN7Subject6detachEP8Observer
FNF:4
FNH:3
DA:3,28
DA:5,28
DA:8,28
DA:9,28
DA:10,64
DA:11,48
DA:12,12
DA:13,12
DA:15,36
DA:19,28
DA:20,16
DA:25,4
DA:27,4
DA:29,4
DA:30,14
DA:31,12
DA:32,2
DA:33,2
DA:35,10
DA:41,6
DA:43,6
DA:44,6
LF:22
LH:22
end_of_record
TN:
SF:/home/lindo/Second Year(r)/COS 214/PRACS/214-Prac-3-Commited-to-Main3/main.cpp
FN:41,_Z13logTestResultRKNSt7__cxx1112basic_stringIcSt11char_traitsIcESaIcEEEb
FN:52,main
FNDA:17,_Z13logTestResultRKNSt7__cxx1112basic_stringIcSt11char_traitsIcESaIcEEEb
FNDA:1,main
FNF:2
FNH:2
DA:41,17
DA:42,17
DA:43,17
DA:44,17
DA:45,17
DA:47,0
DA:48,0
DA:50,17
DA:52,1
DA:54,1
DA:55,1
DA:60,1
DA:61,1
DA:62,1
DA:64,1
DA:65,1
DA:70,1
DA:71,1
DA:72,1
DA:74,1
DA:77,1
DA:78,1
DA:80,1
DA:81,1
DA:82,1
DA:83,1
DA:84,1
DA:86,1
DA:87,1
DA:88,1
DA:89,1
DA:90,1
DA:92,1
DA:93,1
DA:96,1
DA:97,1
DA:100,1
DA:101,1
DA:102,1
DA:104,1
DA:105,1
DA:106,1
DA:108,1
DA:113,1
DA:114,1
DA:115,1
DA:117,1
DA:119,1
DA:120,1
DA:121,1
DA:122,1
DA:123,1
DA:125,1
DA:127,1
DA:128,1
DA:130,1
DA:131,1
DA:132,1
DA:134,1
DA:139,1
DA:140,1
DA:141,1
DA:143,1
DA:144,1
DA:146,1
DA:147,1
DA:149,1
DA:150,1
DA:151,1
DA:156,1
DA:157,1
DA:158,1
DA:160,1
DA:161,2
DA:162,1
DA:164,1
DA:165,2
DA:166,1
DA:168,1
DA:169,2
DA:170,1
DA:172,1
DA:173,2
DA:174,1
DA:176,1
DA:177,2
DA:178,1
DA:180,1
DA:181,2
DA:182,1
DA:184,1
DA:189,1
DA:190,1
DA:191,1
DA:193,1
DA:194,1
DA:195,1
DA:197,1
DA:198,1
DA:199,1
DA:201,1
DA:202,1
DA:203,1
DA:205,1
DA:206,1
DA:207,1
DA:208,1
DA:210,1
DA:215,1
DA:216,1
DA:217,1
DA:219,1
DA:220,1
DA:222,1
DA:223,1
DA:224,1
DA:225,1
DA:226,1
DA:227,1
DA:229,1
DA:231,1
DA:236,1
DA:237,1
DA:238,1
DA:240,1
DA:241,1
DA:243,1
DA:244,1
DA:246,1
DA:247,2
DA:248,1
DA:251,1
DA:252,1
DA:254,1
DA:255,1
DA:256,1
DA:258,1
DA:259,1
DA:262,2
DA:263,1
DA:266,1
DA:267,1
DA:270,1
DA:273,2
DA:274,1
DA:276,1
DA:282,1
DA:283,1
DA:284,1
DA:287,2
DA:288,1
DA:289,1
DA:290,1
DA:293,1
DA:294,1
DA:295,1
DA:297,2
DA:298,2
DA:299,2
DA:300,2
DA:302,1
DA:303,1
DA:304,1
DA:305,1
DA:306,1
DA:308,1
DA:309,1
DA:312,1
DA:313,1
DA:314,1
DA:315,1
DA:316,1
DA:317,1
DA:319,2
DA:320,1
DA:321,1
DA:322,1
DA:324,1
DA:325,1
DA:328,1
DA:329,1
DA:330,1
DA:331,1
DA:332,1
DA:333,1
DA:335,2
DA:336,2
DA:337,1
DA:338,1
DA:339,1
DA:340,1
DA:342,1
DA:343,1
DA:346,1
DA:347,1
DA:348,1
DA:349,1
DA:350,1
DA:352,16
DA:353,15
DA:356,2
DA:357,1
DA:358,1
DA:360,1
DA:363,1
DA:364,1
DA:365,1
DA:366,1
DA:367,1
DA:369,1
DA:371,1
DA:372,1
DA:373,1
DA:378,1
DA:379,1
DA:380,1
DA:381,1
DA:382,1
DA:383,1
DA:384,0
DA:386,1
DA:389,1
DA:390,1
DA:391,1
DA:392,1
DA:394,1
DA:400,0
DA:406,1
DA:407,1
DA:408,1
DA:410,1
DA:411,1
DA:413,1
DA:414,1
DA:416,1
DA:417,1
DA:419,1
DA:420,1
DA:422,1
DA:424,1
DA:425,1
LF:241
LH:237
end_of_record
